<?xml version="1.0" encoding="UTF-8"?>
<testng-results ignored="0" total="1" passed="1" failed="0" skipped="0">
  <reporter-output>
  </reporter-output>
  <suite started-at="2024-07-29T09:39:11 PDT" name="Default suite" finished-at="2024-07-29T09:40:10 PDT" duration-ms="58860">
    <groups>
    </groups>
    <test started-at="2024-07-29T09:39:11 PDT" name="Default test" finished-at="2024-07-29T09:40:10 PDT" duration-ms="58860">
      <class name="FinalProject.testcase4">
        <test-method signature="adduser()[pri:0, instance:FinalProject.testcase4@2584b82d]" started-at="2024-07-29T09:39:11 PDT" name="adduser" finished-at="2024-07-29T09:40:10 PDT" duration-ms="58783" status="PASS">
          <reporter-output>
          </reporter-output>
        </test-method> <!-- adduser -->
      </class> <!-- FinalProject.testcase4 -->
    </test> <!-- Default test -->
  </suite> <!-- Default suite -->
</testng-results>
